Running on host: h20-5
Working dir:     /home/qiweiw/workspace/T2-VLA
Slurm job id:    20014
Slurm nodelist:  h20-5
Config:          pi05_tacforce_tabero
Exp name:        pi05_tacforce_tabero_25
GPU 0: NVIDIA H20 (UUID: GPU-3ba4b661-a227-d7bd-70ae-6db1ed7228bd)
GPU 1: NVIDIA H20 (UUID: GPU-15bf3eb1-663e-6f64-7e98-a9ef13e50d57)
Mon Jan 19 15:15:14 2026       
+-----------------------------------------------------------------------------------------+
| NVIDIA-SMI 560.35.03              Driver Version: 560.35.03      CUDA Version: 12.6     |
|-----------------------------------------+------------------------+----------------------+
| GPU  Name                 Persistence-M | Bus-Id          Disp.A | Volatile Uncorr. ECC |
| Fan  Temp   Perf          Pwr:Usage/Cap |           Memory-Usage | GPU-Util  Compute M. |
|                                         |                        |               MIG M. |
|=========================================+========================+======================|
|   0  NVIDIA H20                     Off |   00000000:9B:00.0 Off |                    0 |
| N/A   26C    P0             74W /  500W |       1MiB /  97871MiB |      0%      Default |
|                                         |                        |             Disabled |
+-----------------------------------------+------------------------+----------------------+
|   1  NVIDIA H20                     Off |   00000000:AE:00.0 Off |                    0 |
| N/A   29C    P0             73W /  500W |       1MiB /  97871MiB |      0%      Default |
|                                         |                        |             Disabled |
+-----------------------------------------+------------------------+----------------------+
                                                                                         
+-----------------------------------------------------------------------------------------+
| Processes:                                                                              |
|  GPU   GI   CI        PID   Type   Process name                              GPU Memory |
|        ID   ID                                                               Usage      |
|=========================================================================================|
|  No running processes found                                                             |
+-----------------------------------------------------------------------------------------+
===== compute_norm_stats: pi05_tacforce_tabero =====
