+ PROJECT_DIR=/home/qiweiw/workspace/T2-VLA
+ cd /home/qiweiw/workspace/T2-VLA
+ mkdir -p /home/qiweiw/workspace/T2-VLA/slurm
+ CONFIG_NAME=pi05_tacforce_tabero
+ EXP_NAME=pi05_tacforce_tabero_25
++ hostname
+ echo 'Running on host: h20-5'
++ pwd
+ echo 'Working dir:     /home/qiweiw/workspace/T2-VLA'
+ echo 'Slurm job id:    20015'
+ echo 'Slurm nodelist:  h20-5'
+ echo 'Config:          pi05_tacforce_tabero'
+ echo 'Exp name:        pi05_tacforce_tabero_25'
+ export HYDRA_FULL_ERROR=1
+ HYDRA_FULL_ERROR=1
+ export XLA_PYTHON_CLIENT_MEM_FRACTION=0.9
+ XLA_PYTHON_CLIENT_MEM_FRACTION=0.9
+ nvidia-smi -L
+ nvidia-smi
+ [[ ! -d /home/qiweiw/workspace/T2-VLA/.venv ]]
+ echo '===== compute_norm_stats: pi05_tacforce_tabero ====='
+ srun --ntasks=1 bash -lc 'cd '\''/home/qiweiw/workspace/T2-VLA'\'' && uv run scripts/compute_norm_stats.py --config-name '\''pi05_tacforce_tabero'\'''
warning: The `tool.uv.dev-dependencies` field (used in `packages/openpi-client/pyproject.toml`) is deprecated and will be removed in a future release; use `dependency-groups.dev` instead
Computing stats:   0%|          | 0/426 [00:00<?, ?it/s]Computing stats:   0%|          | 1/426 [00:20<2:26:45, 20.72s/it]Computing stats:   1%|          | 3/426 [00:21<41:04,  5.83s/it]  Computing stats:   1%|          | 4/426 [00:22<27:50,  3.96s/it]Computing stats:   1%|          | 5/426 [00:25<24:49,  3.54s/it]Computing stats:   1%|▏         | 6/426 [00:25<17:57,  2.57s/it]Computing stats:   2%|▏         | 7/426 [00:28<17:40,  2.53s/it]Computing stats:   2%|▏         | 8/426 [00:29<15:47,  2.27s/it]Computing stats:   2%|▏         | 9/426 [00:31<14:05,  2.03s/it]Computing stats:   2%|▏         | 10/426 [00:33<15:20,  2.21s/it]Computing stats:   3%|▎         | 11/426 [00:34<11:51,  1.71s/it]Computing stats:   3%|▎         | 12/426 [00:37<15:44,  2.28s/it]Computing stats:   3%|▎         | 14/426 [00:41<13:26,  1.96s/it]Computing stats:   4%|▍         | 16/426 [00:44<12:23,  1.81s/it]Computing stats:   4%|▍         | 18/426 [00:47<11:43,  1.72s/it]Computing stats:   5%|▍ 